[admin][09/17/2024][09:30:13 PM] - Vendor Deleted: 36
[admin][09/17/2024][09:43:20 PM] - Vendor Modified: ddddddd (ID: 39)
[admin][09/17/2024][09:43:32 PM] - Vendor Deleted: ddddddd (ID: 39)
[admin][09/17/2024][09:55:28 PM] - Vendor Added: ADd Log (ID: 41)
[admin][09/17/2024][11:05:45 PM] - Guest Added: New Guest (ID: 4)
[admin][09/17/2024][11:45:35 PM] - Modified: Apprentice Danny (ID: 1)
[admin][09/17/2024][11:53:32 PM] - Deleted: ADd Log (ID: 41)
[admin][09/17/2024][11:53:36 PM] - Deleted: ADd Log (ID: 40)
[admin][09/18/2024][01:32:14 AM] - Guest Modified: Apprentice Danny (ID: 1)
[admin][09/18/2024][01:50:32 AM] - Added: New Event (ID: 4)
[admin][09/18/2024][01:50:44 AM] - Modified: New Event (ID: 4)
[admin][09/18/2024][02:00:36 AM] - Added: Title (ID: 24)
[admin][09/18/2024][02:02:28 AM] - Added: adddded (ID: 25)
[admin][09/18/2024][02:13:30 AM] - Added: AGAIN (ID: 26)
[admin][09/18/2024][02:14:26 AM] - Added: YYAGAIN (ID: 27)
[admin][09/18/2024][02:40:59 AM] - Modified: YYAGAINn (ID: 27)
[admin][09/18/2024][02:43:48 AM] - Modified: YYAGAINnn (ID: 27)
[admin][09/18/2024][02:43:55 AM] - Blog Modified: YYAGAINnnd (ID: 27)
[admin][09/18/2024][02:45:34 AM] - Modified: Scooby-Doo! 2024 Halloween Event (ID: 1)
[admin][09/18/2024][02:45:44 AM] - Event Modified: Scooby-Doo! 2024 Halloween Event (ID: 1)
[admin][09/18/2024][03:12:47 AM] - Added: test guest (ID: 5)
[admin][09/18/2024][03:13:08 AM] - Guest Deleted: test guest (ID: 5)
