2024-09-27 22:06:20,164 - INFO - Session file not found, creating a new one.
2024-09-27 22:06:20,164 - INFO - No old session file found for deleteddfanaccount.
2024-09-27 22:06:20,747 - ERROR - Failed to load cookies from Firefox: 'InstaloaderContext' object has no attribute 'session'. Trying Chrome...
2024-09-27 22:06:20,747 - ERROR - Failed to load cookies from Chrome as well: Failed to find Chrome cookie
2024-09-27 22:06:20,747 - ERROR - Failed to load cookies: Failed to find Chrome cookie
2024-09-27 22:06:24,174 - INFO - Successfully logged in as deleteddfanaccount and saved new session.
2024-09-27 22:06:24,531 - INFO - Database connection established successfully.
2024-09-27 22:06:24,546 - INFO - Scraping posts for user: lovemorgue
2024-09-27 22:06:24,987 - INFO - Fetching Instagram post count for lovemorgue
2024-09-27 22:06:27,964 - INFO - Instagram post count: 53, Saved post count: 6
2024-09-27 22:06:37,895 - INFO - Post C9BsaGQRmpM already exists. Skipping...
2024-09-27 22:06:37,895 - INFO - Post Czxt9t8ONBa already exists. Skipping...
2024-09-27 22:06:37,895 - INFO - Scraping post DAcSUGxS8mn from lovemorgue...
2024-09-27 22:06:38,215 - ERROR - Error scraping lovemorgue: Logger._log() got an unexpected keyword argument 'end'
2024-09-27 22:06:38,215 - INFO - Waiting for 87 seconds before scraping the next user...
2024-09-27 22:06:47,853 - INFO - Received shutdown signal. Shutting down gracefully...
2024-09-27 22:06:47,885 - INFO - Metrics saved successfully.
2024-09-27 22:06:47,885 - INFO - Database connection closed.
2024-09-27 22:08:48,040 - INFO - Using existing session (valid within 24 hours).
2024-09-27 22:08:48,216 - ERROR - Failed to load existing session for deleteddfanaccount: [Errno 22] Invalid argument: 'c:\\users\\hayden\\appdata\\local\\temp/.instaloader-hayden/session-c:\\users\\hayden\\documents\\github\\haydencohort233\\thrift-store-backend\\scraping\\sessions\\session_deleteddfanaccount.instaloader'. Creating a new session.
2024-09-27 22:08:48,216 - INFO - Old session file for deleteddfanaccount deleted.
2024-09-27 22:08:48,816 - ERROR - Failed to load cookies from Firefox: 'InstaloaderContext' object has no attribute 'session'. Trying Chrome...
2024-09-27 22:08:48,832 - ERROR - Failed to load cookies from Chrome as well: Failed to find Chrome cookie
2024-09-27 22:08:48,832 - ERROR - Failed to load cookies: Failed to find Chrome cookie
2024-09-27 22:08:51,832 - INFO - Successfully logged in as deleteddfanaccount and saved new session.
2024-09-27 22:08:51,857 - INFO - Database connection established successfully.
2024-09-27 22:08:51,857 - INFO - Scraping posts for user: lovemorgue
2024-09-27 22:08:52,541 - INFO - Fetching Instagram post count for lovemorgue
2024-09-27 22:08:54,081 - INFO - Instagram post count: 53, Saved post count: 6
2024-09-27 22:08:59,931 - INFO - Post C9BsaGQRmpM already exists. Skipping...
2024-09-27 22:08:59,931 - INFO - Post Czxt9t8ONBa already exists. Skipping...
2024-09-27 22:08:59,931 - INFO - Scraping post DAcSUGxS8mn from lovemorgue...
2024-09-27 22:09:00,246 - ERROR - Error scraping lovemorgue: Logger._log() got an unexpected keyword argument 'end'
2024-09-27 22:09:00,248 - INFO - Received shutdown signal. Shutting down gracefully...
2024-09-27 22:09:00,260 - INFO - Metrics saved successfully.
2024-09-27 22:09:00,265 - INFO - Database connection closed.
2024-09-27 22:19:02,025 - INFO - Using existing session (valid within 24 hours).
2024-09-27 22:19:02,248 - ERROR - Failed to load existing session for deleteddfanaccount: [Errno 22] Invalid argument: 'c:\\users\\hayden\\appdata\\local\\temp/.instaloader-hayden/session-c:\\users\\hayden\\documents\\github\\haydencohort233\\thrift-store-backend\\scraping\\sessions\\session_deleteddfanaccount.instaloader'. Creating a new session.
2024-09-27 22:19:02,248 - INFO - Old session file for deleteddfanaccount deleted.
2024-09-27 22:19:02,873 - INFO - Successfully loaded cookies from Firefox.
2024-09-27 22:19:06,022 - INFO - Successfully logged in as deleteddfanaccount and saved new session.
2024-09-27 22:19:06,073 - INFO - Database connection established successfully.
2024-09-27 22:19:06,073 - INFO - Scraping posts for user: lovemorgue
2024-09-27 22:19:06,740 - INFO - Fetching Instagram post count for lovemorgue
2024-09-27 22:19:07,467 - INFO - Instagram post count: 53, Saved post count: 6
2024-09-27 22:19:07,467 - ERROR - Error scraping lovemorgue: name 'instaloader' is not defined
2024-09-27 22:19:07,467 - INFO - Received shutdown signal. Shutting down gracefully...
2024-09-27 22:19:07,467 - INFO - Database connection closed.
2024-09-27 22:25:59,279 - INFO - Using existing session (valid within 24 hours).
2024-09-27 22:25:59,491 - ERROR - Failed to load existing session for deleteddfanaccount: [Errno 22] Invalid argument: 'c:\\users\\hayden\\appdata\\local\\temp/.instaloader-hayden/session-c:\\users\\hayden\\documents\\github\\haydencohort233\\thrift-store-backend\\scraping\\sessions\\session_deleteddfanaccount.instaloader'. Creating a new session.
2024-09-27 22:25:59,491 - INFO - Old session file for deleteddfanaccount deleted.
2024-09-27 22:26:00,100 - INFO - Successfully loaded cookies from Firefox.
2024-09-27 22:26:05,155 - INFO - Successfully logged in as deleteddfanaccount and saved new session.
2024-09-27 22:26:05,176 - INFO - Database connection established successfully.
2024-09-27 22:26:05,180 - INFO - Scraping posts for user: lovemorgue
2024-09-27 22:26:05,759 - INFO - Fetching Instagram post count for lovemorgue
2024-09-27 22:26:06,575 - INFO - Instagram post count: 53, Saved post count: 6
2024-09-27 22:26:06,575 - ERROR - Error scraping lovemorgue: name 'instaloader' is not defined
2024-09-27 22:26:06,575 - INFO - Received shutdown signal. Shutting down gracefully...
2024-09-27 22:26:06,590 - INFO - Database connection closed.
2024-09-27 22:46:11,397 - INFO - Renamed session file from deleteddfanaccount to session_unknown.instaloader
2024-09-27 22:46:11,397 - INFO - Renamed session file from insta_session to session_session.instaloader
