2024-09-26 20:43:17,689 - ERROR - Could not load cookies: 'InstaloaderContext' object has no attribute 'session'
2024-09-26 20:43:17,793 - INFO - Successfully loaded session from file.
2024-09-26 20:43:19,962 - INFO - Instagram post count: 52, Saved post count: 6
2024-09-26 20:43:25,501 - INFO - Post C9BsaGQRmpM already exists. Skipping...
2024-09-26 20:43:25,501 - INFO - Post Czxt9t8ONBa already exists. Skipping...
2024-09-26 20:43:25,501 - INFO - Post C_oUtpRSw5v already exists. Skipping...
2024-09-26 20:43:25,501 - INFO - Post C-1FEiJS8EM already exists. Skipping...
2024-09-26 20:43:25,501 - INFO - Post C9N6eACS-5G already exists. Skipping...
2024-09-26 20:43:25,501 - INFO - Post C9BlWLExGA_ already exists. Skipping...
2024-09-26 20:43:25,501 - INFO - Scraping post C8h9seuSIiu from lovemorgue...
2024-09-26 20:43:26,350 - ERROR - Error scraping lovemorgue: Logger._log() got an unexpected keyword argument 'end'
2024-09-26 20:43:26,350 - INFO - Waiting for 110 seconds before scraping the next user...
2024-09-26 20:44:47,326 - INFO - Received shutdown signal. Shutting down gracefully...
2024-09-26 20:44:47,326 - INFO - Metrics saved successfully.
2024-09-26 20:44:47,326 - INFO - Database connection closed.
2024-09-26 20:44:51,156 - ERROR - Could not load cookies: 'InstaloaderContext' object has no attribute 'session'
2024-09-26 20:44:51,329 - INFO - Successfully loaded session from file.
2024-09-26 20:44:54,363 - INFO - Instagram post count: 52, Saved post count: 6
2024-09-26 20:44:57,248 - INFO - Post C9BsaGQRmpM already exists. Skipping...
2024-09-26 20:44:57,248 - INFO - Post Czxt9t8ONBa already exists. Skipping...
2024-09-26 20:44:57,248 - INFO - Post C_oUtpRSw5v already exists. Skipping...
2024-09-26 20:44:57,248 - INFO - Post C-1FEiJS8EM already exists. Skipping...
2024-09-26 20:44:57,248 - INFO - Post C9N6eACS-5G already exists. Skipping...
2024-09-26 20:44:57,248 - INFO - Post C9BlWLExGA_ already exists. Skipping...
2024-09-26 20:44:57,248 - INFO - Scraping post C8h9seuSIiu from lovemorgue...
2024-09-26 20:44:57,464 - ERROR - Error scraping lovemorgue: Logger._log() got an unexpected keyword argument 'end'
2024-09-26 20:44:57,464 - INFO - Waiting for 98 seconds before scraping the next user...
2024-09-26 20:46:37,500 - INFO - Instagram post count: 241, Saved post count: 6
2024-09-26 20:46:42,411 - INFO - Post C_u_15ePNa7 already exists. Skipping...
2024-09-26 20:46:42,411 - INFO - Post C_T_UeNyMWQ already exists. Skipping...
2024-09-26 20:46:42,420 - INFO - Scraping post DAZQRhvTw8X from chasingnostalgia__...
2024-09-26 20:46:42,634 - ERROR - Error scraping chasingnostalgia__: Logger._log() got an unexpected keyword argument 'end'
2024-09-26 20:46:42,634 - INFO - Metrics saved successfully.
2024-09-26 20:46:42,634 - INFO - Database connection closed.
2024-09-27 15:55:53,704 - ERROR - Could not load cookies: 'InstaloaderContext' object has no attribute 'session'
2024-09-27 15:55:53,908 - INFO - Successfully loaded session from file.
2024-09-27 15:55:55,490 - INFO - Instagram post count: 52, Saved post count: 6
2024-09-27 15:56:05,935 - INFO - Post C9BsaGQRmpM already exists. Skipping...
2024-09-27 15:56:05,935 - INFO - Post Czxt9t8ONBa already exists. Skipping...
2024-09-27 15:56:05,935 - INFO - Post C_oUtpRSw5v already exists. Skipping...
2024-09-27 15:56:05,935 - INFO - Post C-1FEiJS8EM already exists. Skipping...
2024-09-27 15:56:05,935 - INFO - Post C9N6eACS-5G already exists. Skipping...
2024-09-27 15:56:05,935 - INFO - Post C9BlWLExGA_ already exists. Skipping...
2024-09-27 15:56:05,951 - INFO - Scraping post C8h9seuSIiu from lovemorgue...
2024-09-27 15:56:06,082 - ERROR - Error scraping lovemorgue: Logger._log() got an unexpected keyword argument 'end'
2024-09-27 15:56:06,082 - INFO - Waiting for 82 seconds before scraping the next user...
2024-09-27 15:57:30,298 - INFO - Instagram post count: 242, Saved post count: 6
2024-09-27 15:57:32,226 - INFO - Post C_u_15ePNa7 already exists. Skipping...
2024-09-27 15:57:32,226 - INFO - Post C_T_UeNyMWQ already exists. Skipping...
2024-09-27 15:57:32,226 - INFO - Scraping post DAZQiSMvpz3 from chasingnostalgia__...
2024-09-27 15:57:32,325 - ERROR - Error scraping chasingnostalgia__: Logger._log() got an unexpected keyword argument 'end'
2024-09-27 15:57:32,354 - INFO - Metrics saved successfully.
2024-09-27 15:57:32,354 - INFO - Database connection closed.
2024-09-27 16:00:53,256 - ERROR - Could not load cookies: 'InstaloaderContext' object has no attribute 'session'
2024-09-27 16:00:53,460 - INFO - Successfully loaded session from file.
2024-09-27 16:00:55,776 - INFO - Instagram post count: 52, Saved post count: 6
2024-09-27 16:01:00,638 - INFO - Post C9BsaGQRmpM already exists. Skipping...
2024-09-27 16:01:00,649 - INFO - Post Czxt9t8ONBa already exists. Skipping...
2024-09-27 16:01:00,649 - INFO - Post C_oUtpRSw5v already exists. Skipping...
2024-09-27 16:01:00,651 - INFO - Post C-1FEiJS8EM already exists. Skipping...
2024-09-27 16:01:00,651 - INFO - Post C9N6eACS-5G already exists. Skipping...
2024-09-27 16:01:00,655 - INFO - Post C9BlWLExGA_ already exists. Skipping...
2024-09-27 16:01:00,655 - INFO - Scraping post C8h9seuSIiu from lovemorgue...
2024-09-27 16:01:00,960 - ERROR - Error scraping lovemorgue: Logger._log() got an unexpected keyword argument 'end'
2024-09-27 16:01:00,960 - INFO - Waiting for 81 seconds before scraping the next user...
2024-09-27 16:01:15,607 - INFO - Received shutdown signal. Shutting down gracefully...
2024-09-27 16:01:15,627 - INFO - Metrics saved successfully.
2024-09-27 16:01:15,627 - INFO - Database connection closed.
2024-09-27 16:08:15,106 - ERROR - Could not load cookies: 'InstaloaderContext' object has no attribute 'session'
2024-09-27 16:08:15,310 - INFO - Successfully loaded session from file.
2024-09-27 16:08:15,342 - INFO - Database connection established successfully.
2024-09-27 16:08:15,342 - INFO - Scraping posts for user: lovemorgue
2024-09-27 16:08:16,178 - INFO - Fetching Instagram post count for lovemorgue
2024-09-27 16:08:18,982 - INFO - Instagram post count: 52, Saved post count: 6
2024-09-27 16:08:24,652 - INFO - Post C9BsaGQRmpM already exists. Skipping...
2024-09-27 16:08:24,652 - INFO - Post Czxt9t8ONBa already exists. Skipping...
2024-09-27 16:08:24,652 - INFO - Post C_oUtpRSw5v already exists. Skipping...
2024-09-27 16:08:24,652 - INFO - Post C-1FEiJS8EM already exists. Skipping...
2024-09-27 16:08:24,652 - INFO - Post C9N6eACS-5G already exists. Skipping...
2024-09-27 16:08:24,652 - INFO - Post C9BlWLExGA_ already exists. Skipping...
2024-09-27 16:08:24,652 - INFO - Scraping post C8h9seuSIiu from lovemorgue...
2024-09-27 16:08:24,967 - ERROR - Error scraping lovemorgue: Logger._log() got an unexpected keyword argument 'end'
2024-09-27 16:08:24,972 - INFO - Waiting for 84 seconds before scraping the next user...
2024-09-27 16:08:38,652 - INFO - Received shutdown signal. Shutting down gracefully...
2024-09-27 16:08:38,671 - INFO - Metrics saved successfully.
2024-09-27 16:08:38,671 - INFO - Database connection closed.
2024-09-27 16:49:14,614 - INFO - Database connection established successfully.
2024-09-27 16:49:14,614 - INFO - No old session file found.
2024-09-27 16:49:15,189 - ERROR - Could not load cookies: 'InstaloaderContext' object has no attribute 'session'
2024-09-27 16:49:18,553 - INFO - Successfully logged in and saved new session.
2024-09-27 16:49:18,553 - INFO - Scraping posts for user: lovemorgue
2024-09-27 16:49:18,884 - INFO - Fetching Instagram post count for lovemorgue
2024-09-27 16:49:25,056 - INFO - Instagram post count: 52, Saved post count: 6
2024-09-27 16:49:30,045 - INFO - Post C9BsaGQRmpM already exists. Skipping...
2024-09-27 16:49:30,061 - INFO - Post Czxt9t8ONBa already exists. Skipping...
2024-09-27 16:49:30,061 - INFO - Post C_oUtpRSw5v already exists. Skipping...
2024-09-27 16:49:30,061 - INFO - Post C-1FEiJS8EM already exists. Skipping...
2024-09-27 16:49:30,061 - INFO - Post C9N6eACS-5G already exists. Skipping...
2024-09-27 16:49:30,061 - INFO - Post C9BlWLExGA_ already exists. Skipping...
2024-09-27 16:49:30,061 - INFO - Scraping post C8h9seuSIiu from lovemorgue...
2024-09-27 16:49:30,147 - ERROR - Error scraping lovemorgue: Logger._log() got an unexpected keyword argument 'end'
2024-09-27 16:49:30,147 - INFO - Waiting for 105 seconds before scraping the next user...
2024-09-27 16:51:15,150 - INFO - Scraping posts for user: chasingnostalgia__
2024-09-27 16:51:15,822 - INFO - Fetching Instagram post count for chasingnostalgia__
2024-09-27 16:51:19,856 - INFO - Instagram post count: 242, Saved post count: 6
2024-09-27 16:51:24,131 - INFO - Post C_u_15ePNa7 already exists. Skipping...
2024-09-27 16:51:24,131 - INFO - Post C_T_UeNyMWQ already exists. Skipping...
2024-09-27 16:51:24,131 - INFO - Scraping post DAZQiSMvpz3 from chasingnostalgia__...
2024-09-27 16:51:24,521 - ERROR - Error scraping chasingnostalgia__: Logger._log() got an unexpected keyword argument 'end'
2024-09-27 16:51:24,526 - INFO - Metrics saved successfully.
2024-09-27 16:51:24,542 - INFO - Database connection closed.
2024-09-27 17:35:20,377 - INFO - No old session file found.
2024-09-27 17:35:21,005 - ERROR - Could not load cookies: 'InstaloaderContext' object has no attribute 'session'
2024-09-27 17:35:24,269 - INFO - Successfully logged in and saved new session.
2024-09-27 17:35:24,525 - INFO - Database connection established successfully.
2024-09-27 17:35:24,525 - INFO - Scraping posts for user: lovemorgue
2024-09-27 17:35:25,092 - INFO - Fetching Instagram post count for lovemorgue
2024-09-27 17:35:25,092 - ERROR - Error fetching Instagram post count for lovemorgue: name 'instaloader' is not defined
2024-09-27 17:40:07,801 - INFO - Old session file deleted.
2024-09-27 17:40:08,380 - ERROR - Could not load cookies: 'InstaloaderContext' object has no attribute 'session'
2024-09-27 17:40:13,975 - INFO - Successfully logged in and saved new session.
2024-09-27 17:40:14,253 - INFO - Database connection established successfully.
2024-09-27 17:40:14,253 - INFO - Scraping posts for user: lovemorgue
2024-09-27 17:40:14,873 - INFO - Fetching Instagram post count for lovemorgue
2024-09-27 17:40:15,796 - INFO - Instagram post count: 52, Saved post count: 6
2024-09-27 17:40:15,796 - ERROR - Error scraping lovemorgue: name 'instaloader' is not defined
2024-09-27 17:40:15,798 - INFO - Waiting for 94 seconds before scraping the next user...
2024-09-27 17:40:25,677 - INFO - Received shutdown signal. Shutting down gracefully...
2024-09-27 17:40:25,677 - INFO - Metrics saved successfully.
2024-09-27 17:40:25,677 - INFO - Database connection closed.
2024-09-27 18:10:19,446 - INFO - Old session file deleted.
2024-09-27 18:10:20,028 - ERROR - Could not load cookies: 'InstaloaderContext' object has no attribute 'session'
2024-09-27 18:10:26,705 - INFO - Successfully logged in and saved new session.
2024-09-27 18:10:26,923 - INFO - Database connection established successfully.
2024-09-27 18:10:26,923 - INFO - Scraping posts for user: lovemorgue
2024-09-27 18:10:27,583 - INFO - Fetching Instagram post count for lovemorgue
2024-09-27 18:10:28,682 - INFO - Instagram post count: 52, Saved post count: 6
2024-09-27 18:10:43,473 - INFO - Post C9BsaGQRmpM already exists. Skipping...
2024-09-27 18:10:43,473 - INFO - Post Czxt9t8ONBa already exists. Skipping...
2024-09-27 18:10:43,473 - INFO - Post C_oUtpRSw5v already exists. Skipping...
2024-09-27 18:10:43,473 - INFO - Post C-1FEiJS8EM already exists. Skipping...
2024-09-27 18:10:43,488 - INFO - Post C9N6eACS-5G already exists. Skipping...
2024-09-27 18:10:43,491 - INFO - Post C9BlWLExGA_ already exists. Skipping...
2024-09-27 18:10:43,493 - INFO - Scraping post C8h9seuSIiu from lovemorgue...
2024-09-27 18:10:43,560 - ERROR - Error scraping lovemorgue: 'download_directory'
2024-09-27 18:10:43,560 - INFO - Waiting for 95 seconds before scraping the next user...
2024-09-27 18:10:49,929 - INFO - Received shutdown signal. Shutting down gracefully...
2024-09-27 18:10:49,969 - INFO - Metrics saved successfully.
2024-09-27 18:10:49,969 - INFO - Database connection closed.
2024-09-27 22:06:20,164 - INFO - Session file not found, creating a new one.
2024-09-27 22:06:20,164 - INFO - No old session file found for deleteddfanaccount.
2024-09-27 22:06:20,747 - ERROR - Failed to load cookies from Firefox: 'InstaloaderContext' object has no attribute 'session'. Trying Chrome...
2024-09-27 22:06:20,747 - ERROR - Failed to load cookies from Chrome as well: Failed to find Chrome cookie
2024-09-27 22:06:20,747 - ERROR - Failed to load cookies: Failed to find Chrome cookie
2024-09-27 22:06:24,174 - INFO - Successfully logged in as deleteddfanaccount and saved new session.
2024-09-27 22:06:24,531 - INFO - Database connection established successfully.
2024-09-27 22:06:24,546 - INFO - Scraping posts for user: lovemorgue
2024-09-27 22:06:24,987 - INFO - Fetching Instagram post count for lovemorgue
2024-09-27 22:06:27,964 - INFO - Instagram post count: 53, Saved post count: 6
2024-09-27 22:06:37,895 - INFO - Post C9BsaGQRmpM already exists. Skipping...
2024-09-27 22:06:37,895 - INFO - Post Czxt9t8ONBa already exists. Skipping...
2024-09-27 22:06:37,895 - INFO - Scraping post DAcSUGxS8mn from lovemorgue...
2024-09-27 22:06:38,215 - ERROR - Error scraping lovemorgue: Logger._log() got an unexpected keyword argument 'end'
2024-09-27 22:06:38,215 - INFO - Waiting for 87 seconds before scraping the next user...
2024-09-27 22:06:47,853 - INFO - Received shutdown signal. Shutting down gracefully...
2024-09-27 22:06:47,885 - INFO - Metrics saved successfully.
2024-09-27 22:06:47,885 - INFO - Database connection closed.
2024-09-27 22:08:48,040 - INFO - Using existing session (valid within 24 hours).
2024-09-27 22:08:48,216 - ERROR - Failed to load existing session for deleteddfanaccount: [Errno 22] Invalid argument: 'c:\\users\\hayden\\appdata\\local\\temp/.instaloader-hayden/session-c:\\users\\hayden\\documents\\github\\haydencohort233\\thrift-store-backend\\scraping\\sessions\\session_deleteddfanaccount.instaloader'. Creating a new session.
2024-09-27 22:08:48,216 - INFO - Old session file for deleteddfanaccount deleted.
2024-09-27 22:08:48,816 - ERROR - Failed to load cookies from Firefox: 'InstaloaderContext' object has no attribute 'session'. Trying Chrome...
2024-09-27 22:08:48,832 - ERROR - Failed to load cookies from Chrome as well: Failed to find Chrome cookie
2024-09-27 22:08:48,832 - ERROR - Failed to load cookies: Failed to find Chrome cookie
2024-09-27 22:08:51,832 - INFO - Successfully logged in as deleteddfanaccount and saved new session.
2024-09-27 22:08:51,857 - INFO - Database connection established successfully.
2024-09-27 22:08:51,857 - INFO - Scraping posts for user: lovemorgue
2024-09-27 22:08:52,541 - INFO - Fetching Instagram post count for lovemorgue
2024-09-27 22:08:54,081 - INFO - Instagram post count: 53, Saved post count: 6
2024-09-27 22:08:59,931 - INFO - Post C9BsaGQRmpM already exists. Skipping...
2024-09-27 22:08:59,931 - INFO - Post Czxt9t8ONBa already exists. Skipping...
2024-09-27 22:08:59,931 - INFO - Scraping post DAcSUGxS8mn from lovemorgue...
2024-09-27 22:09:00,246 - ERROR - Error scraping lovemorgue: Logger._log() got an unexpected keyword argument 'end'
2024-09-27 22:09:00,248 - INFO - Received shutdown signal. Shutting down gracefully...
2024-09-27 22:09:00,260 - INFO - Metrics saved successfully.
2024-09-27 22:09:00,265 - INFO - Database connection closed.
2024-09-27 22:19:02,025 - INFO - Using existing session (valid within 24 hours).
2024-09-27 22:19:02,248 - ERROR - Failed to load existing session for deleteddfanaccount: [Errno 22] Invalid argument: 'c:\\users\\hayden\\appdata\\local\\temp/.instaloader-hayden/session-c:\\users\\hayden\\documents\\github\\haydencohort233\\thrift-store-backend\\scraping\\sessions\\session_deleteddfanaccount.instaloader'. Creating a new session.
2024-09-27 22:19:02,248 - INFO - Old session file for deleteddfanaccount deleted.
2024-09-27 22:19:02,873 - INFO - Successfully loaded cookies from Firefox.
2024-09-27 22:19:06,022 - INFO - Successfully logged in as deleteddfanaccount and saved new session.
2024-09-27 22:19:06,073 - INFO - Database connection established successfully.
2024-09-27 22:19:06,073 - INFO - Scraping posts for user: lovemorgue
2024-09-27 22:19:06,740 - INFO - Fetching Instagram post count for lovemorgue
2024-09-27 22:19:07,467 - INFO - Instagram post count: 53, Saved post count: 6
2024-09-27 22:19:07,467 - ERROR - Error scraping lovemorgue: name 'instaloader' is not defined
2024-09-27 22:19:07,467 - INFO - Received shutdown signal. Shutting down gracefully...
2024-09-27 22:19:07,467 - INFO - Database connection closed.
2024-09-27 22:25:59,279 - INFO - Using existing session (valid within 24 hours).
2024-09-27 22:25:59,491 - ERROR - Failed to load existing session for deleteddfanaccount: [Errno 22] Invalid argument: 'c:\\users\\hayden\\appdata\\local\\temp/.instaloader-hayden/session-c:\\users\\hayden\\documents\\github\\haydencohort233\\thrift-store-backend\\scraping\\sessions\\session_deleteddfanaccount.instaloader'. Creating a new session.
2024-09-27 22:25:59,491 - INFO - Old session file for deleteddfanaccount deleted.
2024-09-27 22:26:00,100 - INFO - Successfully loaded cookies from Firefox.
2024-09-27 22:26:05,155 - INFO - Successfully logged in as deleteddfanaccount and saved new session.
2024-09-27 22:26:05,176 - INFO - Database connection established successfully.
2024-09-27 22:26:05,180 - INFO - Scraping posts for user: lovemorgue
2024-09-27 22:26:05,759 - INFO - Fetching Instagram post count for lovemorgue
2024-09-27 22:26:06,575 - INFO - Instagram post count: 53, Saved post count: 6
2024-09-27 22:26:06,575 - ERROR - Error scraping lovemorgue: name 'instaloader' is not defined
2024-09-27 22:26:06,575 - INFO - Received shutdown signal. Shutting down gracefully...
2024-09-27 22:26:06,590 - INFO - Database connection closed.
2024-09-27 22:54:33,088 - INFO - Using existing session (valid within 24 hours).
2024-09-27 22:54:33,323 - ERROR - Failed to load existing session for deleteddfanaccount: [Errno 22] Invalid argument: 'c:\\users\\hayden\\appdata\\local\\temp/.instaloader-hayden/session-c:\\users\\hayden\\documents\\github\\haydencohort233\\thrift-store-backend\\scraping\\sessions\\session_deleteddfanaccount.instaloader'. Creating a new session.
2024-09-27 22:54:33,323 - INFO - Old session file for deleteddfanaccount deleted.
2024-09-27 22:54:33,976 - INFO - Successfully loaded cookies from Firefox.
2024-09-27 22:54:37,602 - INFO - Successfully logged in as deleteddfanaccount and saved new session.
2024-09-27 22:54:37,634 - INFO - Database connection established successfully.
2024-09-27 22:54:37,636 - INFO - Scraping posts for user: lovemorgue
2024-09-27 22:54:38,409 - INFO - Fetching Instagram post count for lovemorgue
2024-09-27 22:54:44,955 - ERROR - Error fetching Instagram post count for lovemorgue: 400 Bad Request - "fail" status, message "challenge_required" when accessing https://i.instagram.com/api/v1/users/web_profile_info/?username=lovemorgue
2024-09-27 22:54:44,970 - INFO - Could not get Instagram post count for lovemorgue. Skipping...
2024-09-27 22:54:44,970 - INFO - Waiting for 79 seconds before scraping the next user...
2024-09-27 22:54:57,109 - INFO - Received shutdown signal. Shutting down gracefully...
2024-09-27 22:54:57,155 - INFO - Metrics saved successfully.
2024-09-27 22:54:57,155 - INFO - Database connection closed.
2024-09-28 12:52:08,362 - INFO - Using existing session (valid within 24 hours).
2024-09-28 12:52:08,575 - ERROR - Failed to load existing session for deleteddfanaccount: [Errno 22] Invalid argument: 'c:\\users\\hayden\\appdata\\local\\temp/.instaloader-hayden/session-c:\\users\\hayden\\documents\\github\\haydencohort233\\thrift-store-backend\\scraping\\sessions\\session_deleteddfanaccount.instaloader'. Creating a new session.
2024-09-28 12:52:08,575 - INFO - Old session file for deleteddfanaccount deleted.
2024-09-28 12:52:08,774 - INFO - Successfully loaded cookies from Firefox.
2024-09-28 12:52:12,939 - INFO - Successfully logged in as deleteddfanaccount and saved new session.
2024-09-28 12:52:13,004 - INFO - Database connection established successfully.
2024-09-28 12:52:13,004 - INFO - Scraping posts for user: lovemorgue
2024-09-28 12:52:13,564 - INFO - Fetching Instagram post count for lovemorgue
2024-09-28 12:52:14,255 - INFO - Instagram post count: 53, Saved post count: 6
2024-09-28 12:52:14,255 - ERROR - Error scraping lovemorgue: name 'instaloader' is not defined
2024-09-28 12:52:14,255 - INFO - Received shutdown signal. Shutting down gracefully...
2024-09-28 12:52:14,255 - INFO - Database connection closed.
